<?xml version="1.0" encoding="UTF-8"?>
<testng-results skipped="0" failed="0" total="1" passed="1">
  <reporter-output>
  </reporter-output>
  <suite name="Suite" duration-ms="14930" started-at="2017-11-10T16:39:46Z" finished-at="2017-11-10T16:40:01Z">
    <groups>
    </groups>
    <test name="Test" duration-ms="14930" started-at="2017-11-10T16:39:46Z" finished-at="2017-11-10T16:40:01Z">
      <class name="com.rodan.test.RodanLoginPage">
        <test-method status="PASS" signature="setup()[pri:0, instance:com.rodan.test.RodanLoginPage@5f375618]" name="setup" is-config="true" duration-ms="38496" started-at="2017-11-10T22:09:07Z" finished-at="2017-11-10T22:09:46Z">
          <reporter-output>
          </reporter-output>
        </test-method> <!-- setup -->
        <test-method status="PASS" signature="closeadvwindows()[pri:0, instance:com.rodan.test.RodanLoginPage@5f375618]" name="closeadvwindows" is-config="true" duration-ms="2433" started-at="2017-11-10T22:09:46Z" finished-at="2017-11-10T22:09:48Z">
          <reporter-output>
          </reporter-output>
        </test-method> <!-- closeadvwindows -->
        <test-method status="PASS" signature="login()[pri:0, instance:com.rodan.test.RodanLoginPage@5f375618]" name="login" duration-ms="11161" started-at="2017-11-10T22:09:49Z" finished-at="2017-11-10T22:10:00Z">
          <reporter-output>
          </reporter-output>
        </test-method> <!-- login -->
        <test-method status="PASS" signature="checkresult(org.testng.ITestResult)[pri:0, instance:com.rodan.test.RodanLoginPage@5f375618]" name="checkresult" is-config="true" duration-ms="966" started-at="2017-11-10T22:10:00Z" finished-at="2017-11-10T22:10:01Z">
          <params>
            <param index="0">
              <value>
                <![CDATA[[TestResult name=login status=SUCCESS method=RodanLoginPage.login()[pri:0, instance:com.rodan.test.RodanLoginPage@5f375618] output={null}]]]>
              </value>
            </param>
          </params>
          <reporter-output>
          </reporter-output>
        </test-method> <!-- checkresult -->
        <test-method status="PASS" signature="teardown()[pri:0, instance:com.rodan.test.RodanLoginPage@5f375618]" name="teardown" is-config="true" duration-ms="9999" started-at="2017-11-10T22:10:01Z" finished-at="2017-11-10T22:10:11Z">
          <reporter-output>
          </reporter-output>
        </test-method> <!-- teardown -->
      </class> <!-- com.rodan.test.RodanLoginPage -->
    </test> <!-- Test -->
  </suite> <!-- Suite -->
</testng-results>
